<?xml version="1.0" encoding="UTF-8"?>
<testng-results skipped="0" failed="0" ignored="0" total="1" passed="1">
  <reporter-output>
  </reporter-output>
  <suite name="Command line suite" duration-ms="9720" started-at="2020-12-24T05:15:58 MSK" finished-at="2020-12-24T05:16:08 MSK">
    <groups>
    </groups>
    <test name="Command line test" duration-ms="9720" started-at="2020-12-24T05:15:58 MSK" finished-at="2020-12-24T05:16:08 MSK">
      <class name="tests.Tests">
        <test-method status="PASS" signature="setUp()[pri:0, instance:tests.Tests@5bcab519]" name="setUp" is-config="true" duration-ms="4286" started-at="2020-12-24T05:15:58 MSK" finished-at="2020-12-24T05:16:02 MSK">
          <reporter-output>
          </reporter-output>
        </test-method> <!-- setUp -->
        <test-method status="PASS" signature="failedLogin()[pri:0, instance:tests.Tests@5bcab519]" name="failedLogin" duration-ms="3823" started-at="2020-12-24T05:16:02 MSK" finished-at="2020-12-24T05:16:06 MSK">
          <reporter-output>
          </reporter-output>
        </test-method> <!-- failedLogin -->
        <test-method status="PASS" signature="screenShot()[pri:0, instance:tests.Tests@5bcab519]" name="screenShot" is-config="true" duration-ms="745" started-at="2020-12-24T05:16:06 MSK" finished-at="2020-12-24T05:16:07 MSK">
          <reporter-output>
          </reporter-output>
        </test-method> <!-- screenShot -->
        <test-method status="PASS" signature="stopBrowser()[pri:0, instance:tests.Tests@5bcab519]" name="stopBrowser" is-config="true" duration-ms="796" started-at="2020-12-24T05:16:07 MSK" finished-at="2020-12-24T05:16:08 MSK">
          <reporter-output>
          </reporter-output>
        </test-method> <!-- stopBrowser -->
      </class> <!-- tests.Tests -->
    </test> <!-- Command line test -->
  </suite> <!-- Command line suite -->
</testng-results>
